2014/11/16 12:41:58 [error] [php] date(): It is not safe to rely on the system's timezone settings. You are *required* to use the date.timezone setting or the date_default_timezone_set() function. In case you used any of those methods and you are still getting this warning, you most likely misspelled the timezone identifier. We selected the timezone 'UTC' for now, but please set date.timezone to select your timezone. (/httpserver/project/project_end/protected/views/layouts/main.php:51)
Stack trace:
#0 /httpserver/framework/web/CBaseController.php(95): SiteController->renderInternal()
#1 /httpserver/framework/web/widgets/CContentDecorator.php(76): SiteController->renderFile()
#2 /httpserver/framework/web/widgets/CContentDecorator.php(54): CContentDecorator->decorate()
#3 /httpserver/framework/web/widgets/COutputProcessor.php(44): CContentDecorator->processOutput()
#4 /httpserver/framework/web/CBaseController.php(206): CContentDecorator->run()
#5 /httpserver/framework/web/CBaseController.php(300): SiteController->endWidget()
#6 /httpserver/project/project_end/protected/views/layouts/column1.php(6): SiteController->endContent()
#7 /httpserver/framework/web/CBaseController.php(126): require()
#8 /httpserver/framework/web/CBaseController.php(95): SiteController->renderInternal()
#9 /httpserver/framework/web/CController.php(784): SiteController->renderFile()
#10 /httpserver/project/project_end/protected/controllers/SiteController.php(32): SiteController->render()
#11 /httpserver/framework/web/actions/CInlineAction.php(49): SiteController->actionIndex()
#12 /httpserver/framework/web/CController.php(308): CInlineAction->runWithParams()
#13 /httpserver/framework/web/CController.php(286): SiteController->runAction()
#14 /httpserver/framework/web/CController.php(265): SiteController->runActionWithFilters()
#15 /httpserver/framework/web/CWebApplication.php(282): SiteController->run()
#16 /httpserver/framework/web/CWebApplication.php(141): CWebApplication->runController()
#17 /httpserver/framework/base/CApplication.php(180): CWebApplication->processRequest()
#18 /httpserver/project/project_end/index.php(13): CWebApplication->run()
REQUEST_URI=/project/project_end/
in /httpserver/project/project_end/protected/views/layouts/main.php (51)
in /httpserver/project/project_end/protected/views/layouts/column1.php (6)
in /httpserver/project/project_end/protected/controllers/SiteController.php (32)
2014/11/16 20:13:33 [error] [exception.CException] exception 'CException' with message 'SiteController and its behaviors do not have a method or closure named "renderPatial".' in /httpserver/framework/base/CComponent.php:266
Stack trace:
#0 /httpserver/project/project_end/protected/views/layouts/main.php(381): CComponent->__call('renderPatial', Array)
#1 /httpserver/project/project_end/protected/views/layouts/main.php(381): SiteController->renderPatial('//layouts/Sileb...')
#2 /httpserver/framework/web/CBaseController.php(126): require('/httpserver/pro...')
#3 /httpserver/framework/web/CBaseController.php(95): CBaseController->renderInternal('/httpserver/pro...', Array, true)
#4 /httpserver/framework/web/widgets/CContentDecorator.php(76): CBaseController->renderFile('/httpserver/pro...', Array, true)
#5 /httpserver/framework/web/widgets/CContentDecorator.php(54): CContentDecorator->decorate('<div id="conten...')
#6 /httpserver/framework/web/widgets/COutputProcessor.php(44): CContentDecorator->processOutput('<div id="conten...')
#7 /httpserver/framework/web/CBaseController.php(206): COutputProcessor->run()
#8 /httpserver/framework/web/CBaseController.php(300): CBaseController->endWidget('CContentDecorat...')
#9 /httpserver/project/project_end/protected/views/layouts/column1.php(6): CBaseController->endContent()
#10 /httpserver/framework/web/CBaseController.php(126): require('/httpserver/pro...')
#11 /httpserver/framework/web/CBaseController.php(95): CBaseController->renderInternal('/httpserver/pro...', Array, true)
#12 /httpserver/framework/web/CController.php(784): CBaseController->renderFile('/httpserver/pro...', Array, true)
#13 /httpserver/project/project_end/protected/controllers/SiteController.php(32): CController->render('index')
#14 /httpserver/framework/web/actions/CInlineAction.php(49): SiteController->actionIndex()
#15 /httpserver/framework/web/CController.php(308): CInlineAction->runWithParams(Array)
#16 /httpserver/framework/web/CController.php(286): CController->runAction(Object(CInlineAction))
#17 /httpserver/framework/web/CController.php(265): CController->runActionWithFilters(Object(CInlineAction), Array)
#18 /httpserver/framework/web/CWebApplication.php(282): CController->run('')
#19 /httpserver/framework/web/CWebApplication.php(141): CWebApplication->runController('')
#20 /httpserver/framework/base/CApplication.php(180): CWebApplication->processRequest()
#21 /httpserver/project/project_end/index.php(13): CApplication->run()
#22 {main}
REQUEST_URI=/project/project_end/
---
2014/11/16 20:13:53 [error] [exception.CException] exception 'CException' with message 'SiteController cannot find the requested view "//layouts/Silebar_Menu".' in /httpserver/framework/web/CController.php:878
Stack trace:
#0 /httpserver/project/project_end/protected/views/layouts/main.php(381): CController->renderPartial('//layouts/Sileb...')
#1 /httpserver/framework/web/CBaseController.php(126): require('/httpserver/pro...')
#2 /httpserver/framework/web/CBaseController.php(95): CBaseController->renderInternal('/httpserver/pro...', Array, true)
#3 /httpserver/framework/web/widgets/CContentDecorator.php(76): CBaseController->renderFile('/httpserver/pro...', Array, true)
#4 /httpserver/framework/web/widgets/CContentDecorator.php(54): CContentDecorator->decorate('<div id="conten...')
#5 /httpserver/framework/web/widgets/COutputProcessor.php(44): CContentDecorator->processOutput('<div id="conten...')
#6 /httpserver/framework/web/CBaseController.php(206): COutputProcessor->run()
#7 /httpserver/framework/web/CBaseController.php(300): CBaseController->endWidget('CContentDecorat...')
#8 /httpserver/project/project_end/protected/views/layouts/column1.php(6): CBaseController->endContent()
#9 /httpserver/framework/web/CBaseController.php(126): require('/httpserver/pro...')
#10 /httpserver/framework/web/CBaseController.php(95): CBaseController->renderInternal('/httpserver/pro...', Array, true)
#11 /httpserver/framework/web/CController.php(784): CBaseController->renderFile('/httpserver/pro...', Array, true)
#12 /httpserver/project/project_end/protected/controllers/SiteController.php(32): CController->render('index')
#13 /httpserver/framework/web/actions/CInlineAction.php(49): SiteController->actionIndex()
#14 /httpserver/framework/web/CController.php(308): CInlineAction->runWithParams(Array)
#15 /httpserver/framework/web/CController.php(286): CController->runAction(Object(CInlineAction))
#16 /httpserver/framework/web/CController.php(265): CController->runActionWithFilters(Object(CInlineAction), Array)
#17 /httpserver/framework/web/CWebApplication.php(282): CController->run('')
#18 /httpserver/framework/web/CWebApplication.php(141): CWebApplication->runController('')
#19 /httpserver/framework/base/CApplication.php(180): CWebApplication->processRequest()
#20 /httpserver/project/project_end/index.php(13): CApplication->run()
#21 {main}
REQUEST_URI=/project/project_end/
---
2014/11/17 14:06:19 [error] [exception.CHttpException.404] exception 'CHttpException' with message 'Unable to resolve the request "Stock/addstockpd44".' in /httpserver/framework/web/CWebApplication.php:286
Stack trace:
#0 /httpserver/framework/web/CWebApplication.php(141): CWebApplication->runController('Stock/addstockp...')
#1 /httpserver/framework/base/CApplication.php(180): CWebApplication->processRequest()
#2 /httpserver/project/project_end/index.php(13): CApplication->run()
#3 {main}
REQUEST_URI=/project/project_end/index.php/Stock/addstockpd44
HTTP_REFERER=http://localhost/project/project_end/index.php/site/index
---
2014/11/17 14:06:29 [error] [exception.CHttpException.404] exception 'CHttpException' with message 'Unable to resolve the request "Stock/error-404.html".' in /httpserver/framework/web/CWebApplication.php:286
Stack trace:
#0 /httpserver/framework/web/CWebApplication.php(141): CWebApplication->runController('Stock/error-404...')
#1 /httpserver/framework/base/CApplication.php(180): CWebApplication->processRequest()
#2 /httpserver/project/project_end/index.php(13): CApplication->run()
#3 {main}
REQUEST_URI=/project/project_end/index.php/Stock/error-404.html
HTTP_REFERER=http://localhost/project/project_end/index.php/Stock/addstockpd44
---
2014/11/17 14:06:32 [error] [exception.CHttpException.404] exception 'CHttpException' with message 'Unable to resolve the request "Stock/error-404.html".' in /httpserver/framework/web/CWebApplication.php:286
Stack trace:
#0 /httpserver/framework/web/CWebApplication.php(141): CWebApplication->runController('Stock/error-404...')
#1 /httpserver/framework/base/CApplication.php(180): CWebApplication->processRequest()
#2 /httpserver/project/project_end/index.php(13): CApplication->run()
#3 {main}
REQUEST_URI=/project/project_end/index.php/Stock/error-404.html
HTTP_REFERER=http://localhost/project/project_end/index.php/Stock/error-404.html
---
2014/11/17 14:06:38 [error] [exception.CHttpException.404] exception 'CHttpException' with message 'Unable to resolve the request "Stock/treeview.html".' in /httpserver/framework/web/CWebApplication.php:286
Stack trace:
#0 /httpserver/framework/web/CWebApplication.php(141): CWebApplication->runController('Stock/treeview....')
#1 /httpserver/framework/base/CApplication.php(180): CWebApplication->processRequest()
#2 /httpserver/project/project_end/index.php(13): CApplication->run()
#3 {main}
REQUEST_URI=/project/project_end/index.php/Stock/treeview.html
HTTP_REFERER=http://localhost/project/project_end/index.php/Stock/error-404.html
---
2014/11/17 14:07:34 [error] [exception.CHttpException.404] exception 'CHttpException' with message 'Unable to resolve the request "Stock/profile.html".' in /httpserver/framework/web/CWebApplication.php:286
Stack trace:
#0 /httpserver/framework/web/CWebApplication.php(141): CWebApplication->runController('Stock/profile.h...')
#1 /httpserver/framework/base/CApplication.php(180): CWebApplication->processRequest()
#2 /httpserver/project/project_end/index.php(13): CApplication->run()
#3 {main}
REQUEST_URI=/project/project_end/index.php/Stock/profile.html
HTTP_REFERER=http://localhost/project/project_end/index.php/Stock/treeview.html
---
2014/11/17 14:07:40 [error] [exception.CHttpException.404] exception 'CHttpException' with message 'Unable to resolve the request "Stock/profile.html".' in /httpserver/framework/web/CWebApplication.php:286
Stack trace:
#0 /httpserver/framework/web/CWebApplication.php(141): CWebApplication->runController('Stock/profile.h...')
#1 /httpserver/framework/base/CApplication.php(180): CWebApplication->processRequest()
#2 /httpserver/project/project_end/index.php(13): CApplication->run()
#3 {main}
REQUEST_URI=/project/project_end/index.php/Stock/profile.html
HTTP_REFERER=http://localhost/project/project_end/index.php/Stock/profile.html
---
2014/11/18 17:01:05 [error] [exception.CException] exception 'CException' with message 'Alias "booster.widgets.TbActiveForm" is invalid. Make sure it points to an existing directory or file.' in /httpserver/framework/YiiBase.php:347
Stack trace:
#0 /httpserver/framework/web/CWidgetFactory.php(146): YiiBase::import('booster.widgets...', true)
#1 /httpserver/framework/web/CBaseController.php(146): CWidgetFactory->createWidget(Object(SiteController), 'booster.widgets...', Array)
#2 /httpserver/framework/web/CBaseController.php(189): CBaseController->createWidget('booster.widgets...', Array)
#3 /httpserver/project/project_end/protected/views/site/login.php(41): CBaseController->beginWidget('booster.widgets...', Array)
#4 /httpserver/framework/web/CBaseController.php(126): require('/httpserver/pro...')
#5 /httpserver/framework/web/CBaseController.php(95): CBaseController->renderInternal('/httpserver/pro...', Array, true)
#6 /httpserver/framework/web/CController.php(869): CBaseController->renderFile('/httpserver/pro...', Array, true)
#7 /httpserver/framework/web/CController.php(782): CController->renderPartial('//site/login', Array, true)
#8 /httpserver/project/project_end/protected/controllers/SiteController.php(49): CController->render('//site/login', Array)
#9 /httpserver/framework/web/actions/CInlineAction.php(49): SiteController->actionIndex()
#10 /httpserver/framework/web/CController.php(308): CInlineAction->runWithParams(Array)
#11 /httpserver/framework/web/CController.php(286): CController->runAction(Object(CInlineAction))
#12 /httpserver/framework/web/CController.php(265): CController->runActionWithFilters(Object(CInlineAction), Array)
#13 /httpserver/framework/web/CWebApplication.php(282): CController->run('index')
#14 /httpserver/framework/web/CWebApplication.php(141): CWebApplication->runController('site/index')
#15 /httpserver/framework/base/CApplication.php(180): CWebApplication->processRequest()
#16 /httpserver/project/project_end/index.php(13): CApplication->run()
#17 {main}
REQUEST_URI=/project/project_end/index.php/site/index
---
2014/11/18 17:14:19 [error] [exception.CException] exception 'CException' with message 'Alias "booster.widgets.TbActiveForm" is invalid. Make sure it points to an existing directory or file.' in /httpserver/framework/YiiBase.php:347
Stack trace:
#0 /httpserver/framework/web/CWidgetFactory.php(146): YiiBase::import('booster.widgets...', true)
#1 /httpserver/framework/web/CBaseController.php(146): CWidgetFactory->createWidget(Object(SiteController), 'booster.widgets...', Array)
#2 /httpserver/framework/web/CBaseController.php(189): CBaseController->createWidget('booster.widgets...', Array)
#3 /httpserver/project/project_end/protected/views/site/login.php(41): CBaseController->beginWidget('booster.widgets...', Array)
#4 /httpserver/framework/web/CBaseController.php(126): require('/httpserver/pro...')
#5 /httpserver/framework/web/CBaseController.php(95): CBaseController->renderInternal('/httpserver/pro...', Array, true)
#6 /httpserver/framework/web/CController.php(869): CBaseController->renderFile('/httpserver/pro...', Array, true)
#7 /httpserver/framework/web/CController.php(782): CController->renderPartial('login', Array, true)
#8 /httpserver/project/project_end/protected/controllers/SiteController.php(110): CController->render('login', Array)
#9 /httpserver/framework/web/actions/CInlineAction.php(49): SiteController->actionLogin()
#10 /httpserver/framework/web/CController.php(308): CInlineAction->runWithParams(Array)
#11 /httpserver/framework/web/CController.php(286): CController->runAction(Object(CInlineAction))
#12 /httpserver/framework/web/CController.php(265): CController->runActionWithFilters(Object(CInlineAction), Array)
#13 /httpserver/framework/web/CWebApplication.php(282): CController->run('login')
#14 /httpserver/framework/web/CWebApplication.php(141): CWebApplication->runController('site/login')
#15 /httpserver/framework/base/CApplication.php(180): CWebApplication->processRequest()
#16 /httpserver/project/project_end/index.php(13): CApplication->run()
#17 {main}
REQUEST_URI=/project/project_end/index.php/site/login
---
2014/11/18 18:02:49 [error] [exception.CHttpException.404] exception 'CHttpException' with message 'The system is unable to find the requested action "addstockpd44".' in /httpserver/framework/web/CController.php:483
Stack trace:
#0 /httpserver/framework/web/CController.php(270): CController->missingAction('addstockpd44')
#1 /httpserver/framework/web/CWebApplication.php(282): CController->run('addstockpd44')
#2 /httpserver/framework/web/CWebApplication.php(141): CWebApplication->runController('Stock/addstockp...')
#3 /httpserver/framework/base/CApplication.php(180): CWebApplication->processRequest()
#4 /httpserver/project/project_end/index.php(13): CApplication->run()
#5 {main}
REQUEST_URI=/project/project_end/index.php/Stock/addstockpd44
HTTP_REFERER=http://localhost/project/project_end/index.php/site/login
---
2014/11/18 18:02:55 [error] [exception.CHttpException.404] exception 'CHttpException' with message 'The system is unable to find the requested action "addstockpd44".' in /httpserver/framework/web/CController.php:483
Stack trace:
#0 /httpserver/framework/web/CController.php(270): CController->missingAction('addstockpd44')
#1 /httpserver/framework/web/CWebApplication.php(282): CController->run('addstockpd44')
#2 /httpserver/framework/web/CWebApplication.php(141): CWebApplication->runController('Stock/addstockp...')
#3 /httpserver/framework/base/CApplication.php(180): CWebApplication->processRequest()
#4 /httpserver/project/project_end/index.php(13): CApplication->run()
#5 {main}
REQUEST_URI=/project/project_end/index.php/Stock/addstockpd44
HTTP_REFERER=http://localhost/project/project_end/index.php/Stock/addstockpd44
---
2014/11/18 18:03:25 [error] [exception.CHttpException.404] exception 'CHttpException' with message 'The system is unable to find the requested action "addstockpd44".' in /httpserver/framework/web/CController.php:483
Stack trace:
#0 /httpserver/framework/web/CController.php(270): CController->missingAction('addstockpd44')
#1 /httpserver/framework/web/CWebApplication.php(282): CController->run('addstockpd44')
#2 /httpserver/framework/web/CWebApplication.php(141): CWebApplication->runController('Stock/addstockp...')
#3 /httpserver/framework/base/CApplication.php(180): CWebApplication->processRequest()
#4 /httpserver/project/project_end/index.php(13): CApplication->run()
#5 {main}
REQUEST_URI=/project/project_end/index.php/Stock/addstockpd44
HTTP_REFERER=http://localhost/project/project_end/index.php/Stock/addstockpd44
---
2014/11/18 18:23:11 [error] [exception.CHttpException.404] exception 'CHttpException' with message 'The system is unable to find the requested action "assets".' in /httpserver/framework/web/CController.php:483
Stack trace:
#0 /httpserver/framework/web/CController.php(270): CController->missingAction('assets')
#1 /httpserver/framework/web/CWebApplication.php(282): CController->run('assets')
#2 /httpserver/framework/web/CWebApplication.php(141): CWebApplication->runController('Stock/assets/so...')
#3 /httpserver/framework/base/CApplication.php(180): CWebApplication->processRequest()
#4 /httpserver/project/project_end/index.php(13): CApplication->run()
#5 {main}
REQUEST_URI=/project/project_end/index.php/Stock/assets/sound/alert.mp3
HTTP_REFERER=http://localhost/project/project_end/index.php/Stock/AddStock
---
2014/11/18 18:23:14 [error] [exception.CHttpException.404] exception 'CHttpException' with message 'The system is unable to find the requested action "assets".' in /httpserver/framework/web/CController.php:483
Stack trace:
#0 /httpserver/framework/web/CController.php(270): CController->missingAction('assets')
#1 /httpserver/framework/web/CWebApplication.php(282): CController->run('assets')
#2 /httpserver/framework/web/CWebApplication.php(141): CWebApplication->runController('Stock/assets/so...')
#3 /httpserver/framework/base/CApplication.php(180): CWebApplication->processRequest()
#4 /httpserver/project/project_end/index.php(13): CApplication->run()
#5 {main}
REQUEST_URI=/project/project_end/index.php/Stock/assets/sound/alert.mp3
HTTP_REFERER=http://localhost/project/project_end/index.php/Stock/AddStock
---
2014/11/18 18:23:16 [error] [exception.CHttpException.404] exception 'CHttpException' with message 'The system is unable to find the requested action "assets".' in /httpserver/framework/web/CController.php:483
Stack trace:
#0 /httpserver/framework/web/CController.php(270): CController->missingAction('assets')
#1 /httpserver/framework/web/CWebApplication.php(282): CController->run('assets')
#2 /httpserver/framework/web/CWebApplication.php(141): CWebApplication->runController('Stock/assets/so...')
#3 /httpserver/framework/base/CApplication.php(180): CWebApplication->processRequest()
#4 /httpserver/project/project_end/index.php(13): CApplication->run()
#5 {main}
REQUEST_URI=/project/project_end/index.php/Stock/assets/sound/alert.mp3
HTTP_REFERER=http://localhost/project/project_end/index.php/Stock/AddStock
---
2014/11/18 18:31:08 [error] [exception.CHttpException.404] exception 'CHttpException' with message 'The system is unable to find the requested action "assets".' in /httpserver/framework/web/CController.php:483
Stack trace:
#0 /httpserver/framework/web/CController.php(270): CController->missingAction('assets')
#1 /httpserver/framework/web/CWebApplication.php(282): CController->run('assets')
#2 /httpserver/framework/web/CWebApplication.php(141): CWebApplication->runController('Stock/assets/so...')
#3 /httpserver/framework/base/CApplication.php(180): CWebApplication->processRequest()
#4 /httpserver/project/project_end/index.php(13): CApplication->run()
#5 {main}
REQUEST_URI=/project/project_end/index.php/Stock/assets/sound/alert.mp3
HTTP_REFERER=http://localhost/project/project_end/index.php/Stock/AddStock
---
2014/11/18 18:32:35 [error] [exception.CHttpException.404] exception 'CHttpException' with message 'The system is unable to find the requested action "assets".' in /httpserver/framework/web/CController.php:483
Stack trace:
#0 /httpserver/framework/web/CController.php(270): CController->missingAction('assets')
#1 /httpserver/framework/web/CWebApplication.php(282): CController->run('assets')
#2 /httpserver/framework/web/CWebApplication.php(141): CWebApplication->runController('Stock/assets/so...')
#3 /httpserver/framework/base/CApplication.php(180): CWebApplication->processRequest()
#4 /httpserver/project/project_end/index.php(13): CApplication->run()
#5 {main}
REQUEST_URI=/project/project_end/index.php/Stock/assets/sound/alert.mp3
HTTP_REFERER=http://localhost/project/project_end/index.php/Stock/AddStock
---
2014/11/18 18:33:41 [error] [exception.CHttpException.404] exception 'CHttpException' with message 'The system is unable to find the requested action "assets".' in /httpserver/framework/web/CController.php:483
Stack trace:
#0 /httpserver/framework/web/CController.php(270): CController->missingAction('assets')
#1 /httpserver/framework/web/CWebApplication.php(282): CController->run('assets')
#2 /httpserver/framework/web/CWebApplication.php(141): CWebApplication->runController('Stock/assets/so...')
#3 /httpserver/framework/base/CApplication.php(180): CWebApplication->processRequest()
#4 /httpserver/project/project_end/index.php(13): CApplication->run()
#5 {main}
REQUEST_URI=/project/project_end/index.php/Stock/assets/sound/alert.mp3
HTTP_REFERER=http://localhost/project/project_end/index.php/Stock/AddStock
---
2014/11/18 18:36:30 [error] [exception.CHttpException.404] exception 'CHttpException' with message 'The system is unable to find the requested action "assets".' in /httpserver/framework/web/CController.php:483
Stack trace:
#0 /httpserver/framework/web/CController.php(270): CController->missingAction('assets')
#1 /httpserver/framework/web/CWebApplication.php(282): CController->run('assets')
#2 /httpserver/framework/web/CWebApplication.php(141): CWebApplication->runController('Stock/assets/so...')
#3 /httpserver/framework/base/CApplication.php(180): CWebApplication->processRequest()
#4 /httpserver/project/project_end/index.php(13): CApplication->run()
#5 {main}
REQUEST_URI=/project/project_end/index.php/Stock/assets/sound/alert.mp3
HTTP_REFERER=http://localhost/project/project_end/index.php/Stock/AddStock
---
2014/11/20 21:38:23 [error] [exception.CHttpException.404] exception 'CHttpException' with message 'The system is unable to find the requested action "uploadify.swf".' in /httpserver/framework/web/CController.php:483
Stack trace:
#0 /httpserver/framework/web/CController.php(270): CController->missingAction('uploadify.swf')
#1 /httpserver/framework/web/CWebApplication.php(282): CController->run('uploadify.swf')
#2 /httpserver/framework/web/CWebApplication.php(141): CWebApplication->runController('Stock/uploadify...')
#3 /httpserver/framework/base/CApplication.php(180): CWebApplication->processRequest()
#4 /httpserver/project/project_end/index.php(13): CApplication->run()
#5 {main}
REQUEST_URI=/project/project_end/index.php/Stock/uploadify.swf?preventswfcaching=1416494293369
HTTP_REFERER=http://localhost/project/project_end/index.php/Stock/AddStock
---
2014/11/20 21:39:59 [error] [exception.CHttpException.404] exception 'CHttpException' with message 'Unable to resolve the request "uploadify.swf".' in /httpserver/framework/web/CWebApplication.php:286
Stack trace:
#0 /httpserver/framework/web/CWebApplication.php(141): CWebApplication->runController('uploadify.swf')
#1 /httpserver/framework/base/CApplication.php(180): CWebApplication->processRequest()
#2 /httpserver/project/project_end/index.php(13): CApplication->run()
#3 {main}
REQUEST_URI=/project/project_end/index.php/uploadify.swf?preventswfcaching=1416494377123
HTTP_REFERER=http://localhost/project/project_end/index.php/Stock/AddStock
---
2014/11/20 21:41:53 [error] [exception.CHttpException.404] exception 'CHttpException' with message 'The system is unable to find the requested action "index".' in /httpserver/framework/web/CController.php:483
Stack trace:
#0 /httpserver/framework/web/CController.php(270): CController->missingAction('')
#1 /httpserver/framework/web/CWebApplication.php(282): CController->run('')
#2 /httpserver/framework/web/CWebApplication.php(141): CWebApplication->runController('Stock')
#3 /httpserver/framework/base/CApplication.php(180): CWebApplication->processRequest()
#4 /httpserver/project/project_end/index.php(13): CApplication->run()
#5 {main}
REQUEST_URI=/project/project_end/index.php/Stock/
HTTP_REFERER=http://localhost/project/project_end/index.php/Stock/AddStock
---
2014/11/20 21:42:28 [error] [exception.CHttpException.404] exception 'CHttpException' with message 'The system is unable to find the requested action "index".' in /httpserver/framework/web/CController.php:483
Stack trace:
#0 /httpserver/framework/web/CController.php(270): CController->missingAction('')
#1 /httpserver/framework/web/CWebApplication.php(282): CController->run('')
#2 /httpserver/framework/web/CWebApplication.php(141): CWebApplication->runController('Stock')
#3 /httpserver/framework/base/CApplication.php(180): CWebApplication->processRequest()
#4 /httpserver/project/project_end/index.php(13): CApplication->run()
#5 {main}
REQUEST_URI=/project/project_end/index.php/Stock/
---
2014/11/20 21:45:28 [error] [exception.CHttpException.404] exception 'CHttpException' with message 'The system is unable to find the requested action "index".' in /httpserver/framework/web/CController.php:483
Stack trace:
#0 /httpserver/framework/web/CController.php(270): CController->missingAction('')
#1 /httpserver/framework/web/CWebApplication.php(282): CController->run('')
#2 /httpserver/framework/web/CWebApplication.php(141): CWebApplication->runController('Stock')
#3 /httpserver/framework/base/CApplication.php(180): CWebApplication->processRequest()
#4 /httpserver/project/project_end/index.php(13): CApplication->run()
#5 {main}
REQUEST_URI=/project/project_end/index.php/Stock/
---
2014/11/20 21:50:04 [error] [exception.CHttpException.404] exception 'CHttpException' with message 'The system is unable to find the requested action "uploadify.php".' in /httpserver/framework/web/CController.php:483
Stack trace:
#0 /httpserver/framework/web/CController.php(270): CController->missingAction('uploadify.php')
#1 /httpserver/framework/web/CWebApplication.php(282): CController->run('uploadify.php')
#2 /httpserver/framework/web/CWebApplication.php(141): CWebApplication->runController('Stock/uploadify...')
#3 /httpserver/framework/base/CApplication.php(180): CWebApplication->processRequest()
#4 /httpserver/project/project_end/index.php(13): CApplication->run()
#5 {main}
REQUEST_URI=/project/project_end/index.php/Stock/uploadify.php
HTTP_REFERER=http://localhost/project/project_end/index.php/Stock/AddStock
---
2014/11/20 21:51:43 [error] [exception.CHttpException.404] exception 'CHttpException' with message 'The system is unable to find the requested action "SpecUploadify".' in /httpserver/framework/web/CController.php:483
Stack trace:
#0 /httpserver/framework/web/CController.php(270): CController->missingAction('SpecUploadify')
#1 /httpserver/framework/web/CWebApplication.php(282): CController->run('SpecUploadify')
#2 /httpserver/framework/web/CWebApplication.php(141): CWebApplication->runController('Stock/SpecUploa...')
#3 /httpserver/framework/base/CApplication.php(180): CWebApplication->processRequest()
#4 /httpserver/project/project_end/index.php(13): CApplication->run()
#5 {main}
REQUEST_URI=/project/project_end/index.php/Stock/SpecUploadify
HTTP_REFERER=http://localhost/project/project_end/index.php/Stock/AddStock
---
2015/01/06 23:08:47 [error] [exception.CDbException] exception 'CDbException' with message 'CDbConnection failed to open the DB connection: SQLSTATE[HY000] [2002] No such file or directory' in /httpserver/framework/db/CDbConnection.php:382
Stack trace:
#0 /httpserver/framework/db/CDbConnection.php(330): CDbConnection->open()
#1 /httpserver/framework/db/CDbConnection.php(308): CDbConnection->setActive(true)
#2 /httpserver/framework/base/CModule.php(387): CDbConnection->init()
#3 /httpserver/framework/base/CApplication.php(450): CModule->getComponent('db')
#4 /httpserver/framework/db/ar/CActiveRecord.php(634): CApplication->getDb()
#5 /httpserver/framework/db/ar/CActiveRecord.php(667): CActiveRecord->getDbConnection()
#6 /httpserver/framework/db/ar/CActiveRecord.php(1455): CActiveRecord->getCommandBuilder()
#7 /httpserver/project/project_end/protected/components/UserIdentity.php(37): CActiveRecord->find('username=?', Array)
#8 /httpserver/project/project_end/protected/models/LoginForm.php(54): UserIdentity->authenticate()
#9 /httpserver/framework/validators/CInlineValidator.php(42): LoginForm->authenticate('password', Array)
#10 /httpserver/framework/validators/CValidator.php(213): CInlineValidator->validateAttribute(Object(LoginForm), 'password')
#11 /httpserver/framework/base/CModel.php(159): CValidator->validate(Object(LoginForm), NULL)
#12 /httpserver/project/project_end/protected/controllers/SiteController.php(106): CModel->validate()
#13 /httpserver/framework/web/actions/CInlineAction.php(49): SiteController->actionLogin()
#14 /httpserver/framework/web/CController.php(308): CInlineAction->runWithParams(Array)
#15 /httpserver/framework/web/CController.php(286): CController->runAction(Object(CInlineAction))
#16 /httpserver/framework/web/CController.php(265): CController->runActionWithFilters(Object(CInlineAction), Array)
#17 /httpserver/framework/web/CWebApplication.php(282): CController->run('login')
#18 /httpserver/framework/web/CWebApplication.php(141): CWebApplication->runController('site/login')
#19 /httpserver/framework/base/CApplication.php(180): CWebApplication->processRequest()
#20 /httpserver/project/project_end/index.php(13): CApplication->run()
#21 {main}
REQUEST_URI=/project/project_end/index.php/site/login
HTTP_REFERER=http://localhost/project/project_end/index.php/site/login
---
2015/01/07 00:10:39 [error] [exception.CDbException] exception 'CDbException' with message 'CDbConnection failed to open the DB connection: SQLSTATE[HY000] [2002] No such file or directory' in /httpserver/framework/db/CDbConnection.php:382
Stack trace:
#0 /httpserver/framework/db/CDbConnection.php(330): CDbConnection->open()
#1 /httpserver/framework/db/CDbConnection.php(308): CDbConnection->setActive(true)
#2 /httpserver/framework/base/CModule.php(387): CDbConnection->init()
#3 /httpserver/framework/base/CApplication.php(450): CModule->getComponent('db')
#4 /httpserver/framework/db/ar/CActiveRecord.php(634): CApplication->getDb()
#5 /httpserver/framework/db/ar/CActiveRecord.php(667): CActiveRecord->getDbConnection()
#6 /httpserver/framework/db/ar/CActiveRecord.php(1455): CActiveRecord->getCommandBuilder()
#7 /httpserver/project/project_end/protected/components/UserIdentity.php(37): CActiveRecord->find('username=?', Array)
#8 /httpserver/project/project_end/protected/models/LoginForm.php(54): UserIdentity->authenticate()
#9 /httpserver/framework/validators/CInlineValidator.php(42): LoginForm->authenticate('password', Array)
#10 /httpserver/framework/validators/CValidator.php(213): CInlineValidator->validateAttribute(Object(LoginForm), 'password')
#11 /httpserver/framework/base/CModel.php(159): CValidator->validate(Object(LoginForm), NULL)
#12 /httpserver/project/project_end/protected/controllers/SiteController.php(45): CModel->validate()
#13 /httpserver/framework/web/actions/CInlineAction.php(49): SiteController->actionIndex()
#14 /httpserver/framework/web/CController.php(308): CInlineAction->runWithParams(Array)
#15 /httpserver/framework/web/CController.php(286): CController->runAction(Object(CInlineAction))
#16 /httpserver/framework/web/CController.php(265): CController->runActionWithFilters(Object(CInlineAction), Array)
#17 /httpserver/framework/web/CWebApplication.php(282): CController->run('index')
#18 /httpserver/framework/web/CWebApplication.php(141): CWebApplication->runController('site/index')
#19 /httpserver/framework/base/CApplication.php(180): CWebApplication->processRequest()
#20 /httpserver/project/project_end/index.php(13): CApplication->run()
#21 {main}
REQUEST_URI=/project/project_end/index.php/site/index
HTTP_REFERER=http://localhost/project/project_end/index.php/site/index
---
2015/01/07 15:53:10 [error] [exception.CException] exception 'CException' with message 'StockController cannot find the requested view "//Layous/Breadcrumb".' in /httpserver/framework/web/CController.php:878
Stack trace:
#0 /httpserver/project/project_end/protected/views/stock/addStock.php(3): CController->renderPartial('//Layous/Breadc...', Array)
#1 /httpserver/framework/web/CBaseController.php(126): require('/httpserver/pro...')
#2 /httpserver/framework/web/CBaseController.php(95): CBaseController->renderInternal('/httpserver/pro...', NULL, true)
#3 /httpserver/framework/web/CController.php(869): CBaseController->renderFile('/httpserver/pro...', NULL, true)
#4 /httpserver/framework/web/CController.php(782): CController->renderPartial('//stock/addStoc...', NULL, true)
#5 /httpserver/project/project_end/protected/controllers/StockController.php(5): CController->render('//stock/addStoc...')
#6 /httpserver/framework/web/actions/CInlineAction.php(49): StockController->actionAddStock()
#7 /httpserver/framework/web/CController.php(308): CInlineAction->runWithParams(Array)
#8 /httpserver/framework/web/CController.php(286): CController->runAction(Object(CInlineAction))
#9 /httpserver/framework/web/CController.php(265): CController->runActionWithFilters(Object(CInlineAction), Array)
#10 /httpserver/framework/web/CWebApplication.php(282): CController->run('AddStock')
#11 /httpserver/framework/web/CWebApplication.php(141): CWebApplication->runController('Stock/AddStock')
#12 /httpserver/framework/base/CApplication.php(180): CWebApplication->processRequest()
#13 /httpserver/project/project_end/index.php(13): CApplication->run()
#14 {main}
REQUEST_URI=/project/project_end/index.php/Stock/AddStock
HTTP_REFERER=http://localhost/project/project_end/index.php
---
2015/01/08 00:36:55 [error] [exception.CHttpException.404] exception 'CHttpException' with message 'The system is unable to find the requested action "<".' in /httpserver/framework/web/CController.php:483
Stack trace:
#0 /httpserver/framework/web/CController.php(270): CController->missingAction('<')
#1 /httpserver/framework/web/CWebApplication.php(282): CController->run('<')
#2 /httpserver/framework/web/CWebApplication.php(141): CWebApplication->runController('Stock/<')
#3 /httpserver/framework/base/CApplication.php(180): CWebApplication->processRequest()
#4 /httpserver/project/project_end/index.php(13): CApplication->run()
#5 {main}
REQUEST_URI=/project/project_end/index.php/Stock/%3C?php%20echo%20Yii::app()-%3EcreateUrl(%22Stock/PD01Upload%22);%20?%3E
HTTP_REFERER=http://localhost/project/project_end/index.php/Stock/AddStock
---
2015/01/09 01:21:22 [error] [php] move_uploaded_file(../../3375b95228848256db375a3ccb248cb9b941dc18pdf): failed to open stream: Permission denied (/httpserver/project/project_end/protected/controllers/StockController.php:18)
Stack trace:
#0 /httpserver/framework/web/CController.php(308): CInlineAction->runWithParams()
#1 /httpserver/framework/web/CController.php(286): StockController->runAction()
#2 /httpserver/framework/web/CController.php(265): StockController->runActionWithFilters()
#3 /httpserver/framework/web/CWebApplication.php(282): StockController->run()
#4 /httpserver/framework/web/CWebApplication.php(141): CWebApplication->runController()
#5 /httpserver/framework/base/CApplication.php(180): CWebApplication->processRequest()
#6 /httpserver/project/project_end/index.php(13): CWebApplication->run()
REQUEST_URI=/project/project_end/index.php/Stock/PD01Upload
in /httpserver/project/project_end/protected/controllers/StockController.php (18)
in /httpserver/project/project_end/index.php (13)
2015/01/09 01:24:15 [error] [php] move_uploaded_file(../../Uploads/8b7f5bf53255dc22888ac05c3461ba021e3edac4.pdf): failed to open stream: No such file or directory (/httpserver/project/project_end/protected/controllers/StockController.php:18)
Stack trace:
#0 /httpserver/framework/web/CController.php(308): CInlineAction->runWithParams()
#1 /httpserver/framework/web/CController.php(286): StockController->runAction()
#2 /httpserver/framework/web/CController.php(265): StockController->runActionWithFilters()
#3 /httpserver/framework/web/CWebApplication.php(282): StockController->run()
#4 /httpserver/framework/web/CWebApplication.php(141): CWebApplication->runController()
#5 /httpserver/framework/base/CApplication.php(180): CWebApplication->processRequest()
#6 /httpserver/project/project_end/index.php(13): CWebApplication->run()
REQUEST_URI=/project/project_end/index.php/Stock/PD01Upload
in /httpserver/project/project_end/protected/controllers/StockController.php (18)
in /httpserver/project/project_end/index.php (13)
2015/01/09 01:34:20 [error] [php] move_uploaded_file(../Uploads/0eec0eaad8662a12d81fadaa4bce64ec5372cebf.pdf): failed to open stream: No such file or directory (/httpserver/project/project_end/protected/controllers/StockController.php:18)
Stack trace:
#0 /httpserver/framework/web/CController.php(308): CInlineAction->runWithParams()
#1 /httpserver/framework/web/CController.php(286): StockController->runAction()
#2 /httpserver/framework/web/CController.php(265): StockController->runActionWithFilters()
#3 /httpserver/framework/web/CWebApplication.php(282): StockController->run()
#4 /httpserver/framework/web/CWebApplication.php(141): CWebApplication->runController()
#5 /httpserver/framework/base/CApplication.php(180): CWebApplication->processRequest()
#6 /httpserver/project/project_end/index.php(13): CWebApplication->run()
REQUEST_URI=/project/project_end/index.php/Stock/PD01Upload
in /httpserver/project/project_end/protected/controllers/StockController.php (18)
in /httpserver/project/project_end/index.php (13)
2015/01/09 01:34:58 [error] [php] move_uploaded_file(../../../Uploads/3b4c002911fa0da0a266a7354623c90e5dbc5ef3.pdf): failed to open stream: No such file or directory (/httpserver/project/project_end/protected/controllers/StockController.php:18)
Stack trace:
#0 /httpserver/framework/web/CController.php(308): CInlineAction->runWithParams()
#1 /httpserver/framework/web/CController.php(286): StockController->runAction()
#2 /httpserver/framework/web/CController.php(265): StockController->runActionWithFilters()
#3 /httpserver/framework/web/CWebApplication.php(282): StockController->run()
#4 /httpserver/framework/web/CWebApplication.php(141): CWebApplication->runController()
#5 /httpserver/framework/base/CApplication.php(180): CWebApplication->processRequest()
#6 /httpserver/project/project_end/index.php(13): CWebApplication->run()
REQUEST_URI=/project/project_end/index.php/Stock/PD01Upload
in /httpserver/project/project_end/protected/controllers/StockController.php (18)
in /httpserver/project/project_end/index.php (13)
2015/01/09 01:36:03 [error] [php] move_uploaded_file(../../Uploads/Getting Started.pdf): failed to open stream: No such file or directory (/httpserver/project/project_end/protected/controllers/StockController.php:18)
Stack trace:
#0 /httpserver/framework/web/CController.php(308): CInlineAction->runWithParams()
#1 /httpserver/framework/web/CController.php(286): StockController->runAction()
#2 /httpserver/framework/web/CController.php(265): StockController->runActionWithFilters()
#3 /httpserver/framework/web/CWebApplication.php(282): StockController->run()
#4 /httpserver/framework/web/CWebApplication.php(141): CWebApplication->runController()
#5 /httpserver/framework/base/CApplication.php(180): CWebApplication->processRequest()
#6 /httpserver/project/project_end/index.php(13): CWebApplication->run()
REQUEST_URI=/project/project_end/index.php/Stock/PD01Upload
in /httpserver/project/project_end/protected/controllers/StockController.php (18)
in /httpserver/project/project_end/index.php (13)
2015/01/09 01:37:16 [error] [php] move_uploaded_file(../../../Giving an update.pdf): failed to open stream: Permission denied (/httpserver/project/project_end/protected/controllers/StockController.php:18)
Stack trace:
#0 /httpserver/framework/web/CController.php(308): CInlineAction->runWithParams()
#1 /httpserver/framework/web/CController.php(286): StockController->runAction()
#2 /httpserver/framework/web/CController.php(265): StockController->runActionWithFilters()
#3 /httpserver/framework/web/CWebApplication.php(282): StockController->run()
#4 /httpserver/framework/web/CWebApplication.php(141): CWebApplication->runController()
#5 /httpserver/framework/base/CApplication.php(180): CWebApplication->processRequest()
#6 /httpserver/project/project_end/index.php(13): CWebApplication->run()
REQUEST_URI=/project/project_end/index.php/Stock/PD01Upload
in /httpserver/project/project_end/protected/controllers/StockController.php (18)
in /httpserver/project/project_end/index.php (13)
2015/01/09 01:37:57 [error] [php] move_uploaded_file(../../../Getting Started.pdf): failed to open stream: Permission denied (/httpserver/project/project_end/protected/controllers/StockController.php:18)
Stack trace:
#0 /httpserver/framework/web/CController.php(308): CInlineAction->runWithParams()
#1 /httpserver/framework/web/CController.php(286): StockController->runAction()
#2 /httpserver/framework/web/CController.php(265): StockController->runActionWithFilters()
#3 /httpserver/framework/web/CWebApplication.php(282): StockController->run()
#4 /httpserver/framework/web/CWebApplication.php(141): CWebApplication->runController()
#5 /httpserver/framework/base/CApplication.php(180): CWebApplication->processRequest()
#6 /httpserver/project/project_end/index.php(13): CWebApplication->run()
REQUEST_URI=/project/project_end/index.php/Stock/PD01Upload
in /httpserver/project/project_end/protected/controllers/StockController.php (18)
in /httpserver/project/project_end/index.php (13)
2015/01/09 01:39:13 [error] [php] move_uploaded_file(./../../../Technical Solution.pdf): failed to open stream: Permission denied (/httpserver/project/project_end/protected/controllers/StockController.php:18)
Stack trace:
#0 /httpserver/framework/web/CController.php(308): CInlineAction->runWithParams()
#1 /httpserver/framework/web/CController.php(286): StockController->runAction()
#2 /httpserver/framework/web/CController.php(265): StockController->runActionWithFilters()
#3 /httpserver/framework/web/CWebApplication.php(282): StockController->run()
#4 /httpserver/framework/web/CWebApplication.php(141): CWebApplication->runController()
#5 /httpserver/framework/base/CApplication.php(180): CWebApplication->processRequest()
#6 /httpserver/project/project_end/index.php(13): CWebApplication->run()
REQUEST_URI=/project/project_end/index.php/Stock/PD01Upload
in /httpserver/project/project_end/protected/controllers/StockController.php (18)
in /httpserver/project/project_end/index.php (13)
2015/01/09 01:39:40 [error] [php] move_uploaded_file(../../../../PayIn_1340800081558.Pdf): failed to open stream: Permission denied (/httpserver/project/project_end/protected/controllers/StockController.php:18)
Stack trace:
#0 /httpserver/framework/web/CController.php(308): CInlineAction->runWithParams()
#1 /httpserver/framework/web/CController.php(286): StockController->runAction()
#2 /httpserver/framework/web/CController.php(265): StockController->runActionWithFilters()
#3 /httpserver/framework/web/CWebApplication.php(282): StockController->run()
#4 /httpserver/framework/web/CWebApplication.php(141): CWebApplication->runController()
#5 /httpserver/framework/base/CApplication.php(180): CWebApplication->processRequest()
#6 /httpserver/project/project_end/index.php(13): CWebApplication->run()
REQUEST_URI=/project/project_end/index.php/Stock/PD01Upload
in /httpserver/project/project_end/protected/controllers/StockController.php (18)
in /httpserver/project/project_end/index.php (13)
2015/01/09 01:40:57 [error] [php] move_uploaded_file(../../Getting Started.pdf): failed to open stream: Permission denied (/httpserver/project/project_end/protected/controllers/StockController.php:18)
Stack trace:
#0 /httpserver/framework/web/CController.php(308): CInlineAction->runWithParams()
#1 /httpserver/framework/web/CController.php(286): StockController->runAction()
#2 /httpserver/framework/web/CController.php(265): StockController->runActionWithFilters()
#3 /httpserver/framework/web/CWebApplication.php(282): StockController->run()
#4 /httpserver/framework/web/CWebApplication.php(141): CWebApplication->runController()
#5 /httpserver/framework/base/CApplication.php(180): CWebApplication->processRequest()
#6 /httpserver/project/project_end/index.php(13): CWebApplication->run()
REQUEST_URI=/project/project_end/index.php/Stock/PD01Upload
in /httpserver/project/project_end/protected/controllers/StockController.php (18)
in /httpserver/project/project_end/index.php (13)
2015/01/28 13:56:24 [error] [exception.CHttpException.404] exception 'CHttpException' with message 'ระบบไม่สามารถดำเนินการ "profile.html" ตามคำสั่งได้' in /httpserver/framework/web/CController.php:483
Stack trace:
#0 /httpserver/framework/web/CController.php(270): CController->missingAction('profile.html')
#1 /httpserver/framework/web/CWebApplication.php(282): CController->run('profile.html')
#2 /httpserver/framework/web/CWebApplication.php(141): CWebApplication->runController('Stock/profile.h...')
#3 /httpserver/framework/base/CApplication.php(180): CWebApplication->processRequest()
#4 /httpserver/project/project_end/index.php(13): CApplication->run()
#5 {main}
REQUEST_URI=/project/project_end/index.php/Stock/profile.html
HTTP_REFERER=http://localhost/project/project_end/index.php/Stock/AddStock
---
2015/01/28 15:00:02 [error] [exception.CException] exception 'CException' with message 'StockController ไม่สามารถค้นหา "//Asset/selectOption" ตามคำสั่งได้' in /httpserver/framework/web/CController.php:878
Stack trace:
#0 /httpserver/project/project_end/protected/views/stock/addStock.php(191): CController->renderPartial('//Asset/selectO...', Array)
#1 /httpserver/framework/web/CBaseController.php(126): require('/httpserver/pro...')
#2 /httpserver/framework/web/CBaseController.php(95): CBaseController->renderInternal('/httpserver/pro...', NULL, true)
#3 /httpserver/framework/web/CController.php(869): CBaseController->renderFile('/httpserver/pro...', NULL, true)
#4 /httpserver/framework/web/CController.php(782): CController->renderPartial('//stock/addStoc...', NULL, true)
#5 /httpserver/project/project_end/protected/controllers/StockController.php(6): CController->render('//stock/addStoc...')
#6 /httpserver/framework/web/actions/CInlineAction.php(49): StockController->actionAddStock()
#7 /httpserver/framework/web/CController.php(308): CInlineAction->runWithParams(Array)
#8 /httpserver/framework/web/CController.php(286): CController->runAction(Object(CInlineAction))
#9 /httpserver/framework/web/CController.php(265): CController->runActionWithFilters(Object(CInlineAction), Array)
#10 /httpserver/framework/web/CWebApplication.php(282): CController->run('AddStock')
#11 /httpserver/framework/web/CWebApplication.php(141): CWebApplication->runController('Stock/AddStock')
#12 /httpserver/framework/base/CApplication.php(180): CWebApplication->processRequest()
#13 /httpserver/project/project_end/index.php(13): CApplication->run()
#14 {main}
REQUEST_URI=/project/project_end/index.php/Stock/AddStock
HTTP_REFERER=http://localhost/project/project_end/
---
2015/01/28 15:19:39 [error] [exception.CHttpException.404] exception 'CHttpException' with message 'ระบบไม่สามารถดำเนินการ "ListNatureAsset" ตามคำสั่งได้' in /httpserver/framework/web/CController.php:483
Stack trace:
#0 /httpserver/framework/web/CController.php(270): CController->missingAction('ListNatureAsset')
#1 /httpserver/framework/web/CWebApplication.php(282): CController->run('ListNatureAsset')
#2 /httpserver/framework/web/CWebApplication.php(141): CWebApplication->runController('Stock/ListNatur...')
#3 /httpserver/framework/base/CApplication.php(180): CWebApplication->processRequest()
#4 /httpserver/project/project_end/index.php(13): CApplication->run()
#5 {main}
REQUEST_URI=/project/project_end/index.php/Stock/ListNatureAsset
HTTP_REFERER=http://localhost/project/project_end/index.php/Stock/AddStock
---
2015/01/28 15:24:43 [error] [exception.CHttpException.404] exception 'CHttpException' with message 'ระบบไม่สามารถดำเนินการ "ListNatureAsset" ตามคำสั่งได้' in /httpserver/framework/web/CController.php:483
Stack trace:
#0 /httpserver/framework/web/CController.php(270): CController->missingAction('ListNatureAsset')
#1 /httpserver/framework/web/CWebApplication.php(282): CController->run('ListNatureAsset')
#2 /httpserver/framework/web/CWebApplication.php(141): CWebApplication->runController('Stock/ListNatur...')
#3 /httpserver/framework/base/CApplication.php(180): CWebApplication->processRequest()
#4 /httpserver/project/project_end/index.php(13): CApplication->run()
#5 {main}
REQUEST_URI=/project/project_end/index.php/Stock/ListNatureAsset
HTTP_REFERER=http://localhost/project/project_end/index.php/Stock/AddStock
---
2015/01/28 15:24:59 [error] [exception.CHttpException.404] exception 'CHttpException' with message 'ระบบไม่สามารถดำเนินการ "ListNatureAsset" ตามคำสั่งได้' in /httpserver/framework/web/CController.php:483
Stack trace:
#0 /httpserver/framework/web/CController.php(270): CController->missingAction('ListNatureAsset')
#1 /httpserver/framework/web/CWebApplication.php(282): CController->run('ListNatureAsset')
#2 /httpserver/framework/web/CWebApplication.php(141): CWebApplication->runController('Stock/ListNatur...')
#3 /httpserver/framework/base/CApplication.php(180): CWebApplication->processRequest()
#4 /httpserver/project/project_end/index.php(13): CApplication->run()
#5 {main}
REQUEST_URI=/project/project_end/index.php/Stock/ListNatureAsset
HTTP_REFERER=http://localhost/project/project_end/index.php/Stock/AddStock
---
2015/01/28 15:25:09 [error] [exception.CHttpException.404] exception 'CHttpException' with message 'ระบบไม่สามารถดำเนินการ "ListNatureAsset" ตามคำสั่งได้' in /httpserver/framework/web/CController.php:483
Stack trace:
#0 /httpserver/framework/web/CController.php(270): CController->missingAction('ListNatureAsset')
#1 /httpserver/framework/web/CWebApplication.php(282): CController->run('ListNatureAsset')
#2 /httpserver/framework/web/CWebApplication.php(141): CWebApplication->runController('Stock/ListNatur...')
#3 /httpserver/framework/base/CApplication.php(180): CWebApplication->processRequest()
#4 /httpserver/project/project_end/index.php(13): CApplication->run()
#5 {main}
REQUEST_URI=/project/project_end/index.php/Stock/ListNatureAsset
HTTP_REFERER=http://localhost/project/project_end/index.php/Stock/AddStock
---
2015/01/28 15:25:24 [error] [exception.CHttpException.404] exception 'CHttpException' with message 'ระบบไม่สามารถดำเนินการ "ListNatureAsset" ตามคำสั่งได้' in /httpserver/framework/web/CController.php:483
Stack trace:
#0 /httpserver/framework/web/CController.php(270): CController->missingAction('ListNatureAsset')
#1 /httpserver/framework/web/CWebApplication.php(282): CController->run('ListNatureAsset')
#2 /httpserver/framework/web/CWebApplication.php(141): CWebApplication->runController('Stock/ListNatur...')
#3 /httpserver/framework/base/CApplication.php(180): CWebApplication->processRequest()
#4 /httpserver/project/project_end/index.php(13): CApplication->run()
#5 {main}
REQUEST_URI=/project/project_end/index.php/Stock/ListNatureAsset
HTTP_REFERER=http://localhost/project/project_end/index.php/Stock/AddStock
---
2015/01/28 15:25:33 [error] [exception.CHttpException.404] exception 'CHttpException' with message 'ระบบไม่สามารถดำเนินการ "ListNatureAsset" ตามคำสั่งได้' in /httpserver/framework/web/CController.php:483
Stack trace:
#0 /httpserver/framework/web/CController.php(270): CController->missingAction('ListNatureAsset')
#1 /httpserver/framework/web/CWebApplication.php(282): CController->run('ListNatureAsset')
#2 /httpserver/framework/web/CWebApplication.php(141): CWebApplication->runController('Stock/ListNatur...')
#3 /httpserver/framework/base/CApplication.php(180): CWebApplication->processRequest()
#4 /httpserver/project/project_end/index.php(13): CApplication->run()
#5 {main}
REQUEST_URI=/project/project_end/index.php/Stock/ListNatureAsset
HTTP_REFERER=http://localhost/project/project_end/index.php/Stock/AddStock
---
2015/01/28 15:27:17 [error] [exception.CHttpException.404] exception 'CHttpException' with message 'ระบบไม่สามารถดำเนินการ "ListNatureAsset" ตามคำสั่งได้' in /httpserver/framework/web/CController.php:483
Stack trace:
#0 /httpserver/framework/web/CController.php(270): CController->missingAction('ListNatureAsset')
#1 /httpserver/framework/web/CWebApplication.php(282): CController->run('ListNatureAsset')
#2 /httpserver/framework/web/CWebApplication.php(141): CWebApplication->runController('Stock/ListNatur...')
#3 /httpserver/framework/base/CApplication.php(180): CWebApplication->processRequest()
#4 /httpserver/project/project_end/index.php(13): CApplication->run()
#5 {main}
REQUEST_URI=/project/project_end/index.php/Stock/ListNatureAsset
HTTP_REFERER=http://localhost/project/project_end/index.php/Stock/AddStock
---
2015/01/28 15:28:35 [error] [exception.CHttpException.404] exception 'CHttpException' with message 'ระบบไม่สามารถดำเนินการ "ListNatureAsset" ตามคำสั่งได้' in /httpserver/framework/web/CController.php:483
Stack trace:
#0 /httpserver/framework/web/CController.php(270): CController->missingAction('ListNatureAsset')
#1 /httpserver/framework/web/CWebApplication.php(282): CController->run('ListNatureAsset')
#2 /httpserver/framework/web/CWebApplication.php(141): CWebApplication->runController('Stock/ListNatur...')
#3 /httpserver/framework/base/CApplication.php(180): CWebApplication->processRequest()
#4 /httpserver/project/project_end/index.php(13): CApplication->run()
#5 {main}
REQUEST_URI=/project/project_end/index.php/Stock/ListNatureAsset
HTTP_REFERER=http://localhost/project/project_end/index.php/Stock/AddStock
---
2015/01/28 15:30:19 [error] [exception.CHttpException.404] exception 'CHttpException' with message 'ระบบไม่สามารถดำเนินการ "ListNatureAsset" ตามคำสั่งได้' in /httpserver/framework/web/CController.php:483
Stack trace:
#0 /httpserver/framework/web/CController.php(270): CController->missingAction('ListNatureAsset')
#1 /httpserver/framework/web/CWebApplication.php(282): CController->run('ListNatureAsset')
#2 /httpserver/framework/web/CWebApplication.php(141): CWebApplication->runController('Stock/ListNatur...')
#3 /httpserver/framework/base/CApplication.php(180): CWebApplication->processRequest()
#4 /httpserver/project/project_end/index.php(13): CApplication->run()
#5 {main}
REQUEST_URI=/project/project_end/index.php/Stock/ListNatureAsset
HTTP_REFERER=http://localhost/project/project_end/index.php/Stock/AddStock
---
2015/01/29 07:38:51 [error] [exception.CHttpException.404] exception 'CHttpException' with message 'ระบบไม่สามารถดำเนินการ "ListNatureAsset" ตามคำสั่งได้' in /httpserver/framework/web/CController.php:483
Stack trace:
#0 /httpserver/framework/web/CController.php(270): CController->missingAction('ListNatureAsset')
#1 /httpserver/framework/web/CWebApplication.php(282): CController->run('ListNatureAsset')
#2 /httpserver/framework/web/CWebApplication.php(141): CWebApplication->runController('Stock/ListNatur...')
#3 /httpserver/framework/base/CApplication.php(180): CWebApplication->processRequest()
#4 /httpserver/project/project_end/index.php(13): CApplication->run()
#5 {main}
REQUEST_URI=/project/project_end/index.php/Stock/ListNatureAsset
HTTP_REFERER=http://localhost/project/project_end/index.php/Stock/AddStock
---
2015/01/29 07:41:40 [error] [php] Invalid argument supplied for foreach() (/httpserver/project/project_end/protected/views/Asset/selectOption.php:9)
Stack trace:
#0 /httpserver/framework/web/CController.php(869): StockController->renderFile()
#1 /httpserver/project/project_end/protected/views/stock/addStock.php(191): StockController->renderPartial()
#2 /httpserver/framework/web/CBaseController.php(126): require()
#3 /httpserver/framework/web/CBaseController.php(95): StockController->renderInternal()
#4 /httpserver/framework/web/CController.php(869): StockController->renderFile()
#5 /httpserver/framework/web/CController.php(782): StockController->renderPartial()
#6 /httpserver/project/project_end/protected/controllers/StockController.php(6): StockController->render()
#7 /httpserver/framework/web/actions/CInlineAction.php(49): StockController->actionAddStock()
#8 /httpserver/framework/web/CController.php(308): CInlineAction->runWithParams()
#9 /httpserver/framework/web/CController.php(286): StockController->runAction()
#10 /httpserver/framework/web/CController.php(265): StockController->runActionWithFilters()
#11 /httpserver/framework/web/CWebApplication.php(282): StockController->run()
#12 /httpserver/framework/web/CWebApplication.php(141): CWebApplication->runController()
#13 /httpserver/framework/base/CApplication.php(180): CWebApplication->processRequest()
#14 /httpserver/project/project_end/index.php(13): CWebApplication->run()
REQUEST_URI=/project/project_end/index.php/Stock/AddStock
in /httpserver/project/project_end/protected/views/Asset/selectOption.php (9)
in /httpserver/project/project_end/protected/views/stock/addStock.php (191)
in /httpserver/project/project_end/protected/controllers/StockController.php (6)
2015/01/29 07:45:48 [error] [exception.CDbException] exception 'CDbException' with message 'CDbConnection failed to open the DB connection: SQLSTATE[HY000] [2002] No such file or directory' in /httpserver/framework/db/CDbConnection.php:382
Stack trace:
#0 /httpserver/framework/db/CDbConnection.php(330): CDbConnection->open()
#1 /httpserver/framework/db/CDbConnection.php(308): CDbConnection->setActive(true)
#2 /httpserver/framework/base/CModule.php(387): CDbConnection->init()
#3 /httpserver/framework/base/CApplication.php(450): CModule->getComponent('db')
#4 /httpserver/framework/db/ar/CActiveRecord.php(634): CApplication->getDb()
#5 /httpserver/framework/db/ar/CActiveRecord.php(667): CActiveRecord->getDbConnection()
#6 /httpserver/framework/db/ar/CActiveRecord.php(1469): CActiveRecord->getCommandBuilder()
#7 /httpserver/project/project_end/protected/controllers/StockController.php(6): CActiveRecord->findAll()
#8 /httpserver/framework/web/actions/CInlineAction.php(49): StockController->actionAddStock()
#9 /httpserver/framework/web/CController.php(308): CInlineAction->runWithParams(Array)
#10 /httpserver/framework/web/CController.php(286): CController->runAction(Object(CInlineAction))
#11 /httpserver/framework/web/CController.php(265): CController->runActionWithFilters(Object(CInlineAction), Array)
#12 /httpserver/framework/web/CWebApplication.php(282): CController->run('AddStock')
#13 /httpserver/framework/web/CWebApplication.php(141): CWebApplication->runController('Stock/AddStock')
#14 /httpserver/framework/base/CApplication.php(180): CWebApplication->processRequest()
#15 /httpserver/project/project_end/index.php(13): CApplication->run()
#16 {main}
REQUEST_URI=/project/project_end/index.php/Stock/AddStock
HTTP_REFERER=http://localhost/project/project_end/index.php/Stock/AddStock
---
2015/01/29 07:46:10 [error] [exception.CDbException] exception 'CDbException' with message 'CDbConnection failed to open the DB connection: SQLSTATE[HY000] [1049] Unknown database 'ams_db'' in /httpserver/framework/db/CDbConnection.php:382
Stack trace:
#0 /httpserver/framework/db/CDbConnection.php(330): CDbConnection->open()
#1 /httpserver/framework/db/CDbConnection.php(308): CDbConnection->setActive(true)
#2 /httpserver/framework/base/CModule.php(387): CDbConnection->init()
#3 /httpserver/framework/base/CApplication.php(450): CModule->getComponent('db')
#4 /httpserver/framework/db/ar/CActiveRecord.php(634): CApplication->getDb()
#5 /httpserver/framework/db/ar/CActiveRecord.php(667): CActiveRecord->getDbConnection()
#6 /httpserver/framework/db/ar/CActiveRecord.php(1469): CActiveRecord->getCommandBuilder()
#7 /httpserver/project/project_end/protected/controllers/StockController.php(6): CActiveRecord->findAll()
#8 /httpserver/framework/web/actions/CInlineAction.php(49): StockController->actionAddStock()
#9 /httpserver/framework/web/CController.php(308): CInlineAction->runWithParams(Array)
#10 /httpserver/framework/web/CController.php(286): CController->runAction(Object(CInlineAction))
#11 /httpserver/framework/web/CController.php(265): CController->runActionWithFilters(Object(CInlineAction), Array)
#12 /httpserver/framework/web/CWebApplication.php(282): CController->run('AddStock')
#13 /httpserver/framework/web/CWebApplication.php(141): CWebApplication->runController('Stock/AddStock')
#14 /httpserver/framework/base/CApplication.php(180): CWebApplication->processRequest()
#15 /httpserver/project/project_end/index.php(13): CApplication->run()
#16 {main}
REQUEST_URI=/project/project_end/index.php/Stock/AddStock
HTTP_REFERER=http://localhost/project/project_end/index.php/Stock/AddStock
---
2015/01/29 07:48:33 [error] [exception.CHttpException.404] exception 'CHttpException' with message 'ระบบไม่สามารถดำเนินการ "ListNatureAsset" ตามคำสั่งได้' in /httpserver/framework/web/CController.php:483
Stack trace:
#0 /httpserver/framework/web/CController.php(270): CController->missingAction('ListNatureAsset')
#1 /httpserver/framework/web/CWebApplication.php(282): CController->run('ListNatureAsset')
#2 /httpserver/framework/web/CWebApplication.php(141): CWebApplication->runController('Stock/ListNatur...')
#3 /httpserver/framework/base/CApplication.php(180): CWebApplication->processRequest()
#4 /httpserver/project/project_end/index.php(13): CApplication->run()
#5 {main}
REQUEST_URI=/project/project_end/index.php/Stock/ListNatureAsset
HTTP_REFERER=http://localhost/project/project_end/index.php/Stock/AddStock
---
2015/01/29 07:48:54 [error] [exception.CHttpException.404] exception 'CHttpException' with message 'ระบบไม่สามารถดำเนินการ "ListNatureAsset" ตามคำสั่งได้' in /httpserver/framework/web/CController.php:483
Stack trace:
#0 /httpserver/framework/web/CController.php(270): CController->missingAction('ListNatureAsset')
#1 /httpserver/framework/web/CWebApplication.php(282): CController->run('ListNatureAsset')
#2 /httpserver/framework/web/CWebApplication.php(141): CWebApplication->runController('Stock/ListNatur...')
#3 /httpserver/framework/base/CApplication.php(180): CWebApplication->processRequest()
#4 /httpserver/project/project_end/index.php(13): CApplication->run()
#5 {main}
REQUEST_URI=/project/project_end/index.php/Stock/ListNatureAsset
HTTP_REFERER=http://localhost/project/project_end/index.php/Stock/AddStock
---
2015/01/29 07:55:10 [error] [exception.CHttpException.404] exception 'CHttpException' with message 'ระบบไม่สามารถดำเนินการ "profile.html" ตามคำสั่งได้' in /httpserver/framework/web/CController.php:483
Stack trace:
#0 /httpserver/framework/web/CController.php(270): CController->missingAction('profile.html')
#1 /httpserver/framework/web/CWebApplication.php(282): CController->run('profile.html')
#2 /httpserver/framework/web/CWebApplication.php(141): CWebApplication->runController('Stock/profile.h...')
#3 /httpserver/framework/base/CApplication.php(180): CWebApplication->processRequest()
#4 /httpserver/project/project_end/index.php(13): CApplication->run()
#5 {main}
REQUEST_URI=/project/project_end/index.php/Stock/profile.html
HTTP_REFERER=http://localhost/project/project_end/index.php/Stock/AddStock
---
2015/01/29 07:55:30 [error] [exception.CHttpException.404] exception 'CHttpException' with message 'ระบบไม่สามารถดำเนินการ "profile.html" ตามคำสั่งได้' in /httpserver/framework/web/CController.php:483
Stack trace:
#0 /httpserver/framework/web/CController.php(270): CController->missingAction('profile.html')
#1 /httpserver/framework/web/CWebApplication.php(282): CController->run('profile.html')
#2 /httpserver/framework/web/CWebApplication.php(141): CWebApplication->runController('Stock/profile.h...')
#3 /httpserver/framework/base/CApplication.php(180): CWebApplication->processRequest()
#4 /httpserver/project/project_end/index.php(13): CApplication->run()
#5 {main}
REQUEST_URI=/project/project_end/index.php/Stock/profile.html
HTTP_REFERER=http://localhost/project/project_end/index.php/Stock/AddStock
---
2015/02/01 00:32:59 [error] [exception.CDbException] exception 'CDbException' with message 'CDbConnection failed to open the DB connection: SQLSTATE[HY000] [2002] No such file or directory' in /httpserver/framework/db/CDbConnection.php:382
Stack trace:
#0 /httpserver/framework/db/CDbConnection.php(330): CDbConnection->open()
#1 /httpserver/framework/db/CDbConnection.php(308): CDbConnection->setActive(true)
#2 /httpserver/framework/base/CModule.php(387): CDbConnection->init()
#3 /httpserver/framework/base/CApplication.php(450): CModule->getComponent('db')
#4 /httpserver/framework/db/ar/CActiveRecord.php(634): CApplication->getDb()
#5 /httpserver/framework/db/ar/CActiveRecord.php(667): CActiveRecord->getDbConnection()
#6 /httpserver/framework/db/ar/CActiveRecord.php(1469): CActiveRecord->getCommandBuilder()
#7 /httpserver/project/project_end/protected/controllers/StockController.php(6): CActiveRecord->findAll()
#8 /httpserver/framework/web/actions/CInlineAction.php(49): StockController->actionAddStock()
#9 /httpserver/framework/web/CController.php(308): CInlineAction->runWithParams(Array)
#10 /httpserver/framework/web/CController.php(286): CController->runAction(Object(CInlineAction))
#11 /httpserver/framework/web/CController.php(265): CController->runActionWithFilters(Object(CInlineAction), Array)
#12 /httpserver/framework/web/CWebApplication.php(282): CController->run('AddStock')
#13 /httpserver/framework/web/CWebApplication.php(141): CWebApplication->runController('Stock/AddStock')
#14 /httpserver/framework/base/CApplication.php(180): CWebApplication->processRequest()
#15 /httpserver/project/project_end/index.php(13): CApplication->run()
#16 {main}
REQUEST_URI=/project/project_end/index.php/Stock/AddStock
HTTP_REFERER=http://localhost/project/project_end/index.php/Stock/AddStock
---
2015/02/01 16:43:13 [error] [exception.CDbException] exception 'CDbException' with message 'CDbConnection failed to open the DB connection: SQLSTATE[HY000] [2002] No such file or directory' in /httpserver/framework/db/CDbConnection.php:382
Stack trace:
#0 /httpserver/framework/db/CDbConnection.php(330): CDbConnection->open()
#1 /httpserver/framework/db/CDbConnection.php(308): CDbConnection->setActive(true)
#2 /httpserver/framework/base/CModule.php(387): CDbConnection->init()
#3 /httpserver/framework/base/CApplication.php(450): CModule->getComponent('db')
#4 /httpserver/framework/db/ar/CActiveRecord.php(634): CApplication->getDb()
#5 /httpserver/framework/db/ar/CActiveRecord.php(667): CActiveRecord->getDbConnection()
#6 /httpserver/framework/db/ar/CActiveRecord.php(1469): CActiveRecord->getCommandBuilder()
#7 /httpserver/project/project_end/protected/controllers/StockController.php(6): CActiveRecord->findAll()
#8 /httpserver/framework/web/actions/CInlineAction.php(49): StockController->actionAddStock()
#9 /httpserver/framework/web/CController.php(308): CInlineAction->runWithParams(Array)
#10 /httpserver/framework/web/CController.php(286): CController->runAction(Object(CInlineAction))
#11 /httpserver/framework/web/CController.php(265): CController->runActionWithFilters(Object(CInlineAction), Array)
#12 /httpserver/framework/web/CWebApplication.php(282): CController->run('AddStock')
#13 /httpserver/framework/web/CWebApplication.php(141): CWebApplication->runController('Stock/AddStock')
#14 /httpserver/framework/base/CApplication.php(180): CWebApplication->processRequest()
#15 /httpserver/project/project_end/index.php(13): CApplication->run()
#16 {main}
REQUEST_URI=/project/project_end/index.php/Stock/AddStock
HTTP_REFERER=http://localhost/project/project_end/index.php/Stock/AddStock
---
2015/02/02 11:18:28 [error] [exception.CDbException] exception 'CDbException' with message 'CDbConnection failed to open the DB connection: SQLSTATE[HY000] [2002] No such file or directory' in /httpserver/framework/db/CDbConnection.php:382
Stack trace:
#0 /httpserver/framework/db/CDbConnection.php(330): CDbConnection->open()
#1 /httpserver/framework/db/CDbConnection.php(308): CDbConnection->setActive(true)
#2 /httpserver/framework/base/CModule.php(387): CDbConnection->init()
#3 /httpserver/framework/base/CApplication.php(450): CModule->getComponent('db')
#4 /httpserver/framework/db/ar/CActiveRecord.php(634): CApplication->getDb()
#5 /httpserver/framework/db/ar/CActiveRecord.php(667): CActiveRecord->getDbConnection()
#6 /httpserver/framework/db/ar/CActiveRecord.php(1469): CActiveRecord->getCommandBuilder()
#7 /httpserver/project/project_end/protected/controllers/StockController.php(6): CActiveRecord->findAll()
#8 /httpserver/framework/web/actions/CInlineAction.php(49): StockController->actionAddStock()
#9 /httpserver/framework/web/CController.php(308): CInlineAction->runWithParams(Array)
#10 /httpserver/framework/web/CController.php(286): CController->runAction(Object(CInlineAction))
#11 /httpserver/framework/web/CController.php(265): CController->runActionWithFilters(Object(CInlineAction), Array)
#12 /httpserver/framework/web/CWebApplication.php(282): CController->run('AddStock')
#13 /httpserver/framework/web/CWebApplication.php(141): CWebApplication->runController('Stock/AddStock')
#14 /httpserver/framework/base/CApplication.php(180): CWebApplication->processRequest()
#15 /httpserver/project/project_end/index.php(13): CApplication->run()
#16 {main}
REQUEST_URI=/project/project_end/index.php/Stock/AddStock
HTTP_REFERER=http://localhost/project/project_end/index.php/Stock/AddStock
---
2015/02/03 17:11:29 [error] [exception.CDbException] exception 'CDbException' with message 'CDbConnection failed to open the DB connection: SQLSTATE[HY000] [2002] No such file or directory' in /httpserver/framework/db/CDbConnection.php:382
Stack trace:
#0 /httpserver/framework/db/CDbConnection.php(330): CDbConnection->open()
#1 /httpserver/framework/db/CDbConnection.php(308): CDbConnection->setActive(true)
#2 /httpserver/framework/base/CModule.php(387): CDbConnection->init()
#3 /httpserver/framework/base/CApplication.php(450): CModule->getComponent('db')
#4 /httpserver/framework/db/ar/CActiveRecord.php(634): CApplication->getDb()
#5 /httpserver/framework/db/ar/CActiveRecord.php(667): CActiveRecord->getDbConnection()
#6 /httpserver/framework/db/ar/CActiveRecord.php(1469): CActiveRecord->getCommandBuilder()
#7 /httpserver/project/project_end/protected/controllers/StockController.php(6): CActiveRecord->findAll()
#8 /httpserver/framework/web/actions/CInlineAction.php(49): StockController->actionAddStock()
#9 /httpserver/framework/web/CController.php(308): CInlineAction->runWithParams(Array)
#10 /httpserver/framework/web/CController.php(286): CController->runAction(Object(CInlineAction))
#11 /httpserver/framework/web/CController.php(265): CController->runActionWithFilters(Object(CInlineAction), Array)
#12 /httpserver/framework/web/CWebApplication.php(282): CController->run('AddStock')
#13 /httpserver/framework/web/CWebApplication.php(141): CWebApplication->runController('Stock/AddStock')
#14 /httpserver/framework/base/CApplication.php(180): CWebApplication->processRequest()
#15 /httpserver/project/project_end/index.php(13): CApplication->run()
#16 {main}
REQUEST_URI=/project/project_end/index.php/Stock/AddStock
---
2015/02/04 21:33:37 [error] [exception.CDbException] exception 'CDbException' with message 'CDbConnection failed to open the DB connection: SQLSTATE[HY000] [2002] No such file or directory' in /httpserver/framework/db/CDbConnection.php:382
Stack trace:
#0 /httpserver/framework/db/CDbConnection.php(330): CDbConnection->open()
#1 /httpserver/framework/db/CDbConnection.php(308): CDbConnection->setActive(true)
#2 /httpserver/framework/base/CModule.php(387): CDbConnection->init()
#3 /httpserver/framework/base/CApplication.php(450): CModule->getComponent('db')
#4 /httpserver/framework/db/ar/CActiveRecord.php(634): CApplication->getDb()
#5 /httpserver/framework/db/ar/CActiveRecord.php(667): CActiveRecord->getDbConnection()
#6 /httpserver/framework/db/ar/CActiveRecord.php(1469): CActiveRecord->getCommandBuilder()
#7 /httpserver/project/project_end/protected/controllers/StockController.php(6): CActiveRecord->findAll()
#8 /httpserver/framework/web/actions/CInlineAction.php(49): StockController->actionAddStock()
#9 /httpserver/framework/web/CController.php(308): CInlineAction->runWithParams(Array)
#10 /httpserver/framework/web/CController.php(286): CController->runAction(Object(CInlineAction))
#11 /httpserver/framework/web/CController.php(265): CController->runActionWithFilters(Object(CInlineAction), Array)
#12 /httpserver/framework/web/CWebApplication.php(282): CController->run('AddStock')
#13 /httpserver/framework/web/CWebApplication.php(141): CWebApplication->runController('Stock/AddStock')
#14 /httpserver/framework/base/CApplication.php(180): CWebApplication->processRequest()
#15 /httpserver/project/project_end/index.php(13): CApplication->run()
#16 {main}
REQUEST_URI=/project/project_end/index.php/Stock/AddStock
---
2015/02/07 18:53:22 [error] [exception.CDbException] exception 'CDbException' with message 'CDbConnection failed to open the DB connection: SQLSTATE[HY000] [2002] No such file or directory' in /httpserver/framework/db/CDbConnection.php:382
Stack trace:
#0 /httpserver/framework/db/CDbConnection.php(330): CDbConnection->open()
#1 /httpserver/framework/db/CDbConnection.php(308): CDbConnection->setActive(true)
#2 /httpserver/framework/base/CModule.php(387): CDbConnection->init()
#3 /httpserver/framework/base/CApplication.php(450): CModule->getComponent('db')
#4 /httpserver/framework/db/ar/CActiveRecord.php(634): CApplication->getDb()
#5 /httpserver/framework/db/ar/CActiveRecord.php(667): CActiveRecord->getDbConnection()
#6 /httpserver/framework/db/ar/CActiveRecord.php(1469): CActiveRecord->getCommandBuilder()
#7 /httpserver/project/project_end/protected/controllers/StockController.php(6): CActiveRecord->findAll()
#8 /httpserver/framework/web/actions/CInlineAction.php(49): StockController->actionAddStock()
#9 /httpserver/framework/web/CController.php(308): CInlineAction->runWithParams(Array)
#10 /httpserver/framework/web/CController.php(286): CController->runAction(Object(CInlineAction))
#11 /httpserver/framework/web/CController.php(265): CController->runActionWithFilters(Object(CInlineAction), Array)
#12 /httpserver/framework/web/CWebApplication.php(282): CController->run('AddStock')
#13 /httpserver/framework/web/CWebApplication.php(141): CWebApplication->runController('Stock/AddStock')
#14 /httpserver/framework/base/CApplication.php(180): CWebApplication->processRequest()
#15 /httpserver/project/project_end/index.php(13): CApplication->run()
#16 {main}
REQUEST_URI=/project/project_end/index.php/Stock/AddStock
---
2015/02/09 17:51:17 [error] [php] Invalid argument supplied for foreach() (/httpserver/project/project_end/protected/views/Asset/selectOption.php:9)
Stack trace:
#0 /httpserver/framework/web/CController.php(869): StockController->renderFile()
#1 /httpserver/project/project_end/protected/views/stock/addStock.php(317): StockController->renderPartial()
#2 /httpserver/framework/web/CBaseController.php(126): require()
#3 /httpserver/framework/web/CBaseController.php(95): StockController->renderInternal()
#4 /httpserver/framework/web/CController.php(869): StockController->renderFile()
#5 /httpserver/framework/web/CController.php(782): StockController->renderPartial()
#6 /httpserver/project/project_end/protected/controllers/StockController.php(24): StockController->render()
#7 /httpserver/framework/web/actions/CInlineAction.php(49): StockController->actionAddStock()
#8 /httpserver/framework/web/CController.php(308): CInlineAction->runWithParams()
#9 /httpserver/framework/web/CController.php(286): StockController->runAction()
#10 /httpserver/framework/web/CController.php(265): StockController->runActionWithFilters()
#11 /httpserver/framework/web/CWebApplication.php(282): StockController->run()
#12 /httpserver/framework/web/CWebApplication.php(141): CWebApplication->runController()
#13 /httpserver/framework/base/CApplication.php(180): CWebApplication->processRequest()
#14 /httpserver/project/project_end/index.php(13): CWebApplication->run()
REQUEST_URI=/project/project_end/index.php/Stock/AddStock
in /httpserver/project/project_end/protected/views/Asset/selectOption.php (9)
in /httpserver/project/project_end/protected/views/stock/addStock.php (317)
in /httpserver/project/project_end/protected/controllers/StockController.php (24)
2015/02/10 12:56:33 [error] [exception.CDbException] exception 'CDbException' with message 'CDbConnection failed to open the DB connection: SQLSTATE[HY000] [2002] No such file or directory' in /httpserver/framework/db/CDbConnection.php:382
Stack trace:
#0 /httpserver/framework/db/CDbConnection.php(330): CDbConnection->open()
#1 /httpserver/framework/db/CDbConnection.php(308): CDbConnection->setActive(true)
#2 /httpserver/framework/base/CModule.php(387): CDbConnection->init()
#3 /httpserver/framework/base/CApplication.php(450): CModule->getComponent('db')
#4 /httpserver/framework/db/ar/CActiveRecord.php(634): CApplication->getDb()
#5 /httpserver/framework/db/ar/CActiveRecord.php(667): CActiveRecord->getDbConnection()
#6 /httpserver/framework/db/ar/CActiveRecord.php(1469): CActiveRecord->getCommandBuilder()
#7 /httpserver/project/project_end/protected/controllers/AssetController.php(138): CActiveRecord->findAll()
#8 /httpserver/framework/web/actions/CInlineAction.php(49): AssetController->actionRegister()
#9 /httpserver/framework/web/CController.php(308): CInlineAction->runWithParams(Array)
#10 /httpserver/framework/web/CController.php(286): CController->runAction(Object(CInlineAction))
#11 /httpserver/framework/web/CController.php(265): CController->runActionWithFilters(Object(CInlineAction), Array)
#12 /httpserver/framework/web/CWebApplication.php(282): CController->run('Register')
#13 /httpserver/framework/web/CWebApplication.php(141): CWebApplication->runController('Asset/Register')
#14 /httpserver/framework/base/CApplication.php(180): CWebApplication->processRequest()
#15 /httpserver/project/project_end/index.php(13): CApplication->run()
#16 {main}
REQUEST_URI=/project/project_end/index.php/Asset/Register
---
2015/02/10 12:57:06 [error] [exception.CDbException] exception 'CDbException' with message 'CDbConnection failed to open the DB connection: SQLSTATE[HY000] [2002] No such file or directory' in /httpserver/framework/db/CDbConnection.php:382
Stack trace:
#0 /httpserver/framework/db/CDbConnection.php(330): CDbConnection->open()
#1 /httpserver/framework/db/CDbConnection.php(308): CDbConnection->setActive(true)
#2 /httpserver/framework/base/CModule.php(387): CDbConnection->init()
#3 /httpserver/framework/base/CApplication.php(450): CModule->getComponent('db')
#4 /httpserver/framework/db/ar/CActiveRecord.php(634): CApplication->getDb()
#5 /httpserver/framework/db/ar/CActiveRecord.php(667): CActiveRecord->getDbConnection()
#6 /httpserver/framework/db/ar/CActiveRecord.php(1469): CActiveRecord->getCommandBuilder()
#7 /httpserver/project/project_end/protected/controllers/AssetController.php(138): CActiveRecord->findAll()
#8 /httpserver/framework/web/actions/CInlineAction.php(49): AssetController->actionRegister()
#9 /httpserver/framework/web/CController.php(308): CInlineAction->runWithParams(Array)
#10 /httpserver/framework/web/CController.php(286): CController->runAction(Object(CInlineAction))
#11 /httpserver/framework/web/CController.php(265): CController->runActionWithFilters(Object(CInlineAction), Array)
#12 /httpserver/framework/web/CWebApplication.php(282): CController->run('Register')
#13 /httpserver/framework/web/CWebApplication.php(141): CWebApplication->runController('Asset/Register')
#14 /httpserver/framework/base/CApplication.php(180): CWebApplication->processRequest()
#15 /httpserver/project/project_end/index.php(13): CApplication->run()
#16 {main}
REQUEST_URI=/project/project_end/index.php/Asset/Register
---
2015/02/10 12:57:08 [error] [exception.CDbException] exception 'CDbException' with message 'CDbConnection failed to open the DB connection: SQLSTATE[HY000] [2002] No such file or directory' in /httpserver/framework/db/CDbConnection.php:382
Stack trace:
#0 /httpserver/framework/db/CDbConnection.php(330): CDbConnection->open()
#1 /httpserver/framework/db/CDbConnection.php(308): CDbConnection->setActive(true)
#2 /httpserver/framework/base/CModule.php(387): CDbConnection->init()
#3 /httpserver/framework/base/CApplication.php(450): CModule->getComponent('db')
#4 /httpserver/framework/db/ar/CActiveRecord.php(634): CApplication->getDb()
#5 /httpserver/framework/db/ar/CActiveRecord.php(667): CActiveRecord->getDbConnection()
#6 /httpserver/framework/db/ar/CActiveRecord.php(1469): CActiveRecord->getCommandBuilder()
#7 /httpserver/project/project_end/protected/controllers/AssetController.php(138): CActiveRecord->findAll()
#8 /httpserver/framework/web/actions/CInlineAction.php(49): AssetController->actionRegister()
#9 /httpserver/framework/web/CController.php(308): CInlineAction->runWithParams(Array)
#10 /httpserver/framework/web/CController.php(286): CController->runAction(Object(CInlineAction))
#11 /httpserver/framework/web/CController.php(265): CController->runActionWithFilters(Object(CInlineAction), Array)
#12 /httpserver/framework/web/CWebApplication.php(282): CController->run('Register')
#13 /httpserver/framework/web/CWebApplication.php(141): CWebApplication->runController('Asset/Register')
#14 /httpserver/framework/base/CApplication.php(180): CWebApplication->processRequest()
#15 /httpserver/project/project_end/index.php(13): CApplication->run()
#16 {main}
REQUEST_URI=/project/project_end/index.php/Asset/Register
---
2015/02/10 12:57:12 [error] [exception.CDbException] exception 'CDbException' with message 'CDbConnection failed to open the DB connection: SQLSTATE[HY000] [2002] No such file or directory' in /httpserver/framework/db/CDbConnection.php:382
Stack trace:
#0 /httpserver/framework/db/CDbConnection.php(330): CDbConnection->open()
#1 /httpserver/framework/db/CDbConnection.php(308): CDbConnection->setActive(true)
#2 /httpserver/framework/base/CModule.php(387): CDbConnection->init()
#3 /httpserver/framework/base/CApplication.php(450): CModule->getComponent('db')
#4 /httpserver/framework/db/ar/CActiveRecord.php(634): CApplication->getDb()
#5 /httpserver/framework/db/ar/CActiveRecord.php(667): CActiveRecord->getDbConnection()
#6 /httpserver/framework/db/ar/CActiveRecord.php(1469): CActiveRecord->getCommandBuilder()
#7 /httpserver/project/project_end/protected/controllers/AssetController.php(138): CActiveRecord->findAll()
#8 /httpserver/framework/web/actions/CInlineAction.php(49): AssetController->actionRegister()
#9 /httpserver/framework/web/CController.php(308): CInlineAction->runWithParams(Array)
#10 /httpserver/framework/web/CController.php(286): CController->runAction(Object(CInlineAction))
#11 /httpserver/framework/web/CController.php(265): CController->runActionWithFilters(Object(CInlineAction), Array)
#12 /httpserver/framework/web/CWebApplication.php(282): CController->run('Register')
#13 /httpserver/framework/web/CWebApplication.php(141): CWebApplication->runController('Asset/Register')
#14 /httpserver/framework/base/CApplication.php(180): CWebApplication->processRequest()
#15 /httpserver/project/project_end/index.php(13): CApplication->run()
#16 {main}
REQUEST_URI=/project/project_end/index.php/Asset/Register
---
2015/02/11 07:33:01 [error] [exception.CHttpException.404] exception 'CHttpException' with message 'ระบบไม่สามารถดำเนินการ "Register_low" ตามคำสั่งได้' in /httpserver/framework/web/CController.php:483
Stack trace:
#0 /httpserver/framework/web/CController.php(270): CController->missingAction('Register_low')
#1 /httpserver/framework/web/CWebApplication.php(282): CController->run('Register_low')
#2 /httpserver/framework/web/CWebApplication.php(141): CWebApplication->runController('Asset/Register_...')
#3 /httpserver/framework/base/CApplication.php(180): CWebApplication->processRequest()
#4 /httpserver/project/project_end/index.php(13): CApplication->run()
#5 {main}
REQUEST_URI=/project/project_end/index.php/Asset/Register_low
HTTP_REFERER=http://localhost/project/project_end/index.php/Asset/Register
---
2015/02/11 07:33:16 [error] [exception.CHttpException.404] exception 'CHttpException' with message 'ระบบไม่สามารถดำเนินการ "Register_low" ตามคำสั่งได้' in /httpserver/framework/web/CController.php:483
Stack trace:
#0 /httpserver/framework/web/CController.php(270): CController->missingAction('Register_low')
#1 /httpserver/framework/web/CWebApplication.php(282): CController->run('Register_low')
#2 /httpserver/framework/web/CWebApplication.php(141): CWebApplication->runController('Asset/Register_...')
#3 /httpserver/framework/base/CApplication.php(180): CWebApplication->processRequest()
#4 /httpserver/project/project_end/index.php(13): CApplication->run()
#5 {main}
REQUEST_URI=/project/project_end/index.php/Asset/Register_low
HTTP_REFERER=http://localhost/project/project_end/index.php/Asset/Register
---
2015/02/11 11:23:26 [error] [exception.CHttpException.404] exception 'CHttpException' with message 'ระบบไม่สามารถดำเนินการ "login.html" ตามคำสั่งได้' in /httpserver/framework/web/CController.php:483
Stack trace:
#0 /httpserver/framework/web/CController.php(270): CController->missingAction('login.html')
#1 /httpserver/framework/web/CWebApplication.php(282): CController->run('login.html')
#2 /httpserver/framework/web/CWebApplication.php(141): CWebApplication->runController('Asset/login.htm...')
#3 /httpserver/framework/base/CApplication.php(180): CWebApplication->processRequest()
#4 /httpserver/project/project_end/index.php(13): CApplication->run()
#5 {main}
REQUEST_URI=/project/project_end/index.php/Asset/login.html
HTTP_REFERER=http://localhost/project/project_end/index.php/Asset/Register
---
2015/02/11 11:24:07 [error] [exception.CHttpException.404] exception 'CHttpException' with message 'ระบบไม่สามารถดำเนินการ "login.html" ตามคำสั่งได้' in /httpserver/framework/web/CController.php:483
Stack trace:
#0 /httpserver/framework/web/CController.php(270): CController->missingAction('login.html')
#1 /httpserver/framework/web/CWebApplication.php(282): CController->run('login.html')
#2 /httpserver/framework/web/CWebApplication.php(141): CWebApplication->runController('Asset/login.htm...')
#3 /httpserver/framework/base/CApplication.php(180): CWebApplication->processRequest()
#4 /httpserver/project/project_end/index.php(13): CApplication->run()
#5 {main}
REQUEST_URI=/project/project_end/index.php/Asset/login.html
HTTP_REFERER=http://localhost/project/project_end/index.php/Asset/Register
---
